<?xml version="1.0" encoding="UTF-8"?>
<testng-results ignored="0" total="1" passed="1" failed="0" skipped="0">
  <reporter-output>
  </reporter-output>
  <suite started-at="2024-02-27T13:04:01 SAST" name="theDemo.TestingWebdriver" finished-at="2024-02-27T13:04:23 SAST" duration-ms="21824">
    <groups>
    </groups>
    <test started-at="2024-02-27T13:04:01 SAST" name="Command line test" finished-at="2024-02-27T13:04:23 SAST" duration-ms="21824">
      <class name="theDemo.TestingWebdriver">
        <test-method is-config="true" signature="classSetup()[pri:0, instance:theDemo.TestingWebdriver@353d0772]" started-at="2024-02-27T13:04:02 SAST" name="classSetup" finished-at="2024-02-27T13:04:23 SAST" duration-ms="21382" status="PASS">
          <reporter-output>
          </reporter-output>
        </test-method> <!-- classSetup -->
        <test-method signature="runTest()[pri:0, instance:theDemo.TestingWebdriver@353d0772]" started-at="2024-02-27T13:04:23 SAST" name="runTest" finished-at="2024-02-27T13:04:23 SAST" duration-ms="355" status="PASS">
          <reporter-output>
          </reporter-output>
        </test-method> <!-- runTest -->
        <test-method is-config="true" signature="closeBrowsers()[pri:0, instance:theDemo.TestingWebdriver@353d0772]" started-at="2024-02-27T13:04:23 SAST" name="closeBrowsers" finished-at="2024-02-27T13:04:23 SAST" duration-ms="1" status="PASS">
          <reporter-output>
          </reporter-output>
        </test-method> <!-- closeBrowsers -->
      </class> <!-- theDemo.TestingWebdriver -->
    </test> <!-- Command line test -->
  </suite> <!-- theDemo.TestingWebdriver -->
</testng-results>
