<?xml version="1.0" encoding="UTF-8"?>
<testng-results ignored="0" total="1" passed="1" failed="0" skipped="0">
  <reporter-output>
  </reporter-output>
  <suite started-at="2024-03-02T21:31:27 SAST" name="Default suite" finished-at="2024-03-02T21:31:50 SAST" duration-ms="22521">
    <groups>
    </groups>
    <test started-at="2024-03-02T21:31:27 SAST" name="Default test" finished-at="2024-03-02T21:31:50 SAST" duration-ms="22521">
      <class name="theDemo.TestingWebdriver">
        <test-method is-config="true" signature="classSetup()[pri:0, instance:theDemo.TestingWebdriver@4738a206]" started-at="2024-03-02T21:31:27 SAST" name="classSetup" finished-at="2024-03-02T21:31:47 SAST" duration-ms="19669" status="PASS">
          <reporter-output>
          </reporter-output>
        </test-method> <!-- classSetup -->
        <test-method signature="runTest()[pri:0, instance:theDemo.TestingWebdriver@4738a206]" started-at="2024-03-02T21:31:47 SAST" name="runTest" finished-at="2024-03-02T21:31:50 SAST" duration-ms="2694" status="PASS">
          <reporter-output>
          </reporter-output>
        </test-method> <!-- runTest -->
        <test-method is-config="true" signature="closeBrowsers()[pri:0, instance:theDemo.TestingWebdriver@4738a206]" started-at="2024-03-02T21:31:50 SAST" name="closeBrowsers" finished-at="2024-03-02T21:31:50 SAST" duration-ms="1" status="PASS">
          <reporter-output>
          </reporter-output>
        </test-method> <!-- closeBrowsers -->
      </class> <!-- theDemo.TestingWebdriver -->
    </test> <!-- Default test -->
  </suite> <!-- Default suite -->
</testng-results>
